Generated at 2017-05-10 14:50:25 +0000
Errno::ENOENT: service[mysql] (mysql::install line 11) had an error: Errno::ENOENT: No such file or directory - /sbin/status
/opt/chefdk/embedded/lib/ruby/gems/2.3.0/gems/chef-12.14.89/lib/chef/mixin/command/unix.rb:105:in `exec'
/opt/chefdk/embedded/lib/ruby/gems/2.3.0/gems/chef-12.14.89/lib/chef/mixin/command/unix.rb:105:in `block in popen4'
/opt/chefdk/embedded/lib/ruby/gems/2.3.0/gems/chef-12.14.89/lib/chef/mixin/command/unix.rb:67:in `fork'
/opt/chefdk/embedded/lib/ruby/gems/2.3.0/gems/chef-12.14.89/lib/chef/mixin/command/unix.rb:67:in `popen4'
/opt/chefdk/embedded/lib/ruby/gems/2.3.0/gems/chef-12.14.89/lib/chef/provider/service/upstart.rb:228:in `upstart_goal_state'
/opt/chefdk/embedded/lib/ruby/gems/2.3.0/gems/chef-12.14.89/lib/chef/provider/service/upstart.rb:122:in `load_current_resource'
/opt/chefdk/embedded/lib/ruby/gems/2.3.0/gems/chef-12.14.89/lib/chef/provider.rb:128:in `run_action'
/opt/chefdk/embedded/lib/ruby/gems/2.3.0/gems/chef-12.14.89/lib/chef/resource.rb:603:in `run_action'
/opt/chefdk/embedded/lib/ruby/gems/2.3.0/gems/chef-12.14.89/lib/chef/runner.rb:69:in `run_action'
/opt/chefdk/embedded/lib/ruby/gems/2.3.0/gems/chef-12.14.89/lib/chef/runner.rb:97:in `block (2 levels) in converge'
/opt/chefdk/embedded/lib/ruby/gems/2.3.0/gems/chef-12.14.89/lib/chef/runner.rb:97:in `each'
/opt/chefdk/embedded/lib/ruby/gems/2.3.0/gems/chef-12.14.89/lib/chef/runner.rb:97:in `block in converge'
/opt/chefdk/embedded/lib/ruby/gems/2.3.0/gems/chef-12.14.89/lib/chef/resource_collection/resource_list.rb:94:in `block in execute_each_resource'
/opt/chefdk/embedded/lib/ruby/gems/2.3.0/gems/chef-12.14.89/lib/chef/resource_collection/stepable_iterator.rb:114:in `call_iterator_block'
/opt/chefdk/embedded/lib/ruby/gems/2.3.0/gems/chef-12.14.89/lib/chef/resource_collection/stepable_iterator.rb:85:in `step'
/opt/chefdk/embedded/lib/ruby/gems/2.3.0/gems/chef-12.14.89/lib/chef/resource_collection/stepable_iterator.rb:103:in `iterate'
/opt/chefdk/embedded/lib/ruby/gems/2.3.0/gems/chef-12.14.89/lib/chef/resource_collection/stepable_iterator.rb:55:in `each_with_index'
/opt/chefdk/embedded/lib/ruby/gems/2.3.0/gems/chef-12.14.89/lib/chef/resource_collection/resource_list.rb:92:in `execute_each_resource'
/opt/chefdk/embedded/lib/ruby/gems/2.3.0/gems/chef-12.14.89/lib/chef/runner.rb:96:in `converge'
/opt/chefdk/embedded/lib/ruby/gems/2.3.0/gems/chef-12.14.89/lib/chef/client.rb:669:in `block in converge'
/opt/chefdk/embedded/lib/ruby/gems/2.3.0/gems/chef-12.14.89/lib/chef/client.rb:664:in `catch'
/opt/chefdk/embedded/lib/ruby/gems/2.3.0/gems/chef-12.14.89/lib/chef/client.rb:664:in `converge'
/opt/chefdk/embedded/lib/ruby/gems/2.3.0/gems/chef-12.14.89/lib/chef/client.rb:703:in `converge_and_save'
/opt/chefdk/embedded/lib/ruby/gems/2.3.0/gems/chef-12.14.89/lib/chef/client.rb:283:in `run'
/opt/chefdk/embedded/lib/ruby/gems/2.3.0/gems/chef-12.14.89/lib/chef/application.rb:302:in `block in fork_chef_client'
/opt/chefdk/embedded/lib/ruby/gems/2.3.0/gems/chef-12.14.89/lib/chef/application.rb:290:in `fork'
/opt/chefdk/embedded/lib/ruby/gems/2.3.0/gems/chef-12.14.89/lib/chef/application.rb:290:in `fork_chef_client'
/opt/chefdk/embedded/lib/ruby/gems/2.3.0/gems/chef-12.14.89/lib/chef/application.rb:255:in `block in run_chef_client'
/opt/chefdk/embedded/lib/ruby/gems/2.3.0/gems/chef-12.14.89/lib/chef/local_mode.rb:44:in `with_server_connectivity'
/opt/chefdk/embedded/lib/ruby/gems/2.3.0/gems/chef-12.14.89/lib/chef/application.rb:243:in `run_chef_client'
/opt/chefdk/embedded/lib/ruby/gems/2.3.0/gems/chef-12.14.89/lib/chef/application/client.rb:464:in `sleep_then_run_chef_client'
/opt/chefdk/embedded/lib/ruby/gems/2.3.0/gems/chef-12.14.89/lib/chef/application/client.rb:451:in `block in interval_run_chef_client'
/opt/chefdk/embedded/lib/ruby/gems/2.3.0/gems/chef-12.14.89/lib/chef/application/client.rb:450:in `loop'
/opt/chefdk/embedded/lib/ruby/gems/2.3.0/gems/chef-12.14.89/lib/chef/application/client.rb:450:in `interval_run_chef_client'
/opt/chefdk/embedded/lib/ruby/gems/2.3.0/gems/chef-12.14.89/lib/chef/application/client.rb:434:in `run_application'
/opt/chefdk/embedded/lib/ruby/gems/2.3.0/gems/chef-12.14.89/lib/chef/application.rb:60:in `run'
/opt/chefdk/embedded/lib/ruby/gems/2.3.0/gems/chef-12.14.89/bin/chef-client:26:in `<top (required)>'
/usr/bin/chef-client:57:in `load'
/usr/bin/chef-client:57:in `<main>'

>>>> Caused by Errno::ENOENT: No such file or directory - /sbin/status
/opt/chefdk/embedded/lib/ruby/gems/2.3.0/gems/chef-12.14.89/lib/chef/mixin/command/unix.rb:105:in `exec'
/opt/chefdk/embedded/lib/ruby/gems/2.3.0/gems/chef-12.14.89/lib/chef/mixin/command/unix.rb:105:in `block in popen4'
/opt/chefdk/embedded/lib/ruby/gems/2.3.0/gems/chef-12.14.89/lib/chef/mixin/command/unix.rb:67:in `fork'
/opt/chefdk/embedded/lib/ruby/gems/2.3.0/gems/chef-12.14.89/lib/chef/mixin/command/unix.rb:67:in `popen4'
/opt/chefdk/embedded/lib/ruby/gems/2.3.0/gems/chef-12.14.89/lib/chef/provider/service/upstart.rb:228:in `upstart_goal_state'
/opt/chefdk/embedded/lib/ruby/gems/2.3.0/gems/chef-12.14.89/lib/chef/provider/service/upstart.rb:122:in `load_current_resource'
/opt/chefdk/embedded/lib/ruby/gems/2.3.0/gems/chef-12.14.89/lib/chef/provider.rb:128:in `run_action'
/opt/chefdk/embedded/lib/ruby/gems/2.3.0/gems/chef-12.14.89/lib/chef/resource.rb:603:in `run_action'
/opt/chefdk/embedded/lib/ruby/gems/2.3.0/gems/chef-12.14.89/lib/chef/runner.rb:69:in `run_action'
/opt/chefdk/embedded/lib/ruby/gems/2.3.0/gems/chef-12.14.89/lib/chef/runner.rb:97:in `block (2 levels) in converge'
/opt/chefdk/embedded/lib/ruby/gems/2.3.0/gems/chef-12.14.89/lib/chef/runner.rb:97:in `each'
/opt/chefdk/embedded/lib/ruby/gems/2.3.0/gems/chef-12.14.89/lib/chef/runner.rb:97:in `block in converge'
/opt/chefdk/embedded/lib/ruby/gems/2.3.0/gems/chef-12.14.89/lib/chef/resource_collection/resource_list.rb:94:in `block in execute_each_resource'
/opt/chefdk/embedded/lib/ruby/gems/2.3.0/gems/chef-12.14.89/lib/chef/resource_collection/stepable_iterator.rb:114:in `call_iterator_block'
/opt/chefdk/embedded/lib/ruby/gems/2.3.0/gems/chef-12.14.89/lib/chef/resource_collection/stepable_iterator.rb:85:in `step'
/opt/chefdk/embedded/lib/ruby/gems/2.3.0/gems/chef-12.14.89/lib/chef/resource_collection/stepable_iterator.rb:103:in `iterate'
/opt/chefdk/embedded/lib/ruby/gems/2.3.0/gems/chef-12.14.89/lib/chef/resource_collection/stepable_iterator.rb:55:in `each_with_index'
/opt/chefdk/embedded/lib/ruby/gems/2.3.0/gems/chef-12.14.89/lib/chef/resource_collection/resource_list.rb:92:in `execute_each_resource'
/opt/chefdk/embedded/lib/ruby/gems/2.3.0/gems/chef-12.14.89/lib/chef/runner.rb:96:in `converge'
/opt/chefdk/embedded/lib/ruby/gems/2.3.0/gems/chef-12.14.89/lib/chef/client.rb:669:in `block in converge'
/opt/chefdk/embedded/lib/ruby/gems/2.3.0/gems/chef-12.14.89/lib/chef/client.rb:664:in `catch'
/opt/chefdk/embedded/lib/ruby/gems/2.3.0/gems/chef-12.14.89/lib/chef/client.rb:664:in `converge'
/opt/chefdk/embedded/lib/ruby/gems/2.3.0/gems/chef-12.14.89/lib/chef/client.rb:703:in `converge_and_save'
/opt/chefdk/embedded/lib/ruby/gems/2.3.0/gems/chef-12.14.89/lib/chef/client.rb:283:in `run'
/opt/chefdk/embedded/lib/ruby/gems/2.3.0/gems/chef-12.14.89/lib/chef/application.rb:302:in `block in fork_chef_client'
/opt/chefdk/embedded/lib/ruby/gems/2.3.0/gems/chef-12.14.89/lib/chef/application.rb:290:in `fork'
/opt/chefdk/embedded/lib/ruby/gems/2.3.0/gems/chef-12.14.89/lib/chef/application.rb:290:in `fork_chef_client'
/opt/chefdk/embedded/lib/ruby/gems/2.3.0/gems/chef-12.14.89/lib/chef/application.rb:255:in `block in run_chef_client'
/opt/chefdk/embedded/lib/ruby/gems/2.3.0/gems/chef-12.14.89/lib/chef/local_mode.rb:44:in `with_server_connectivity'
/opt/chefdk/embedded/lib/ruby/gems/2.3.0/gems/chef-12.14.89/lib/chef/application.rb:243:in `run_chef_client'
/opt/chefdk/embedded/lib/ruby/gems/2.3.0/gems/chef-12.14.89/lib/chef/application/client.rb:464:in `sleep_then_run_chef_client'
/opt/chefdk/embedded/lib/ruby/gems/2.3.0/gems/chef-12.14.89/lib/chef/application/client.rb:451:in `block in interval_run_chef_client'
/opt/chefdk/embedded/lib/ruby/gems/2.3.0/gems/chef-12.14.89/lib/chef/application/client.rb:450:in `loop'
/opt/chefdk/embedded/lib/ruby/gems/2.3.0/gems/chef-12.14.89/lib/chef/application/client.rb:450:in `interval_run_chef_client'
/opt/chefdk/embedded/lib/ruby/gems/2.3.0/gems/chef-12.14.89/lib/chef/application/client.rb:434:in `run_application'
/opt/chefdk/embedded/lib/ruby/gems/2.3.0/gems/chef-12.14.89/lib/chef/application.rb:60:in `run'
/opt/chefdk/embedded/lib/ruby/gems/2.3.0/gems/chef-12.14.89/bin/chef-client:26:in `<top (required)>'
/usr/bin/chef-client:57:in `load'
/usr/bin/chef-client:57:in `<main>'